2021-07-12 00:59:20,475 FATAL c.p.G.Graph [main] Нельзя удалить пустую вершину
2021-07-12 00:59:20,481 FATAL c.p.G.Graph [main] Нельзя добавить ребро с пустой вершиной или весом <= 0
2021-07-12 00:59:20,482 WARN c.p.G.Graph [main] Начальная и конечная вершины одинаковые
2021-07-12 00:59:20,484 WARN c.p.G.Graph [main] Вершина с таким именем уже существует
2021-07-12 00:59:20,486 FATAL c.p.G.Graph [main] Нельзя добавить ребро с пустой вершиной или весом <= 0
2021-07-12 00:59:20,490 FATAL c.p.G.Graph [main] Нельзя удалить ребро с пустой вершиной
2021-07-12 00:59:20,490 FATAL c.p.G.Graph [main] Нельзя найти пустую вершину
2021-07-12 00:59:20,492 WARN c.p.G.Graph [main] Данной вершины нет в графе
2021-07-12 00:59:20,492 WARN c.p.G.Graph [main] Такое ребро уже существует
2021-07-12 00:59:20,493 FATAL c.p.G.Graph [main] Нельзя добавить пустую вершину
2021-07-12 02:37:55,183 FATAL c.p.G.Graph [main] Нельзя удалить пустую вершину
2021-07-12 02:37:55,189 FATAL c.p.G.Graph [main] Нельзя добавить ребро с пустой вершиной или весом <= 0
2021-07-12 02:37:55,190 WARN c.p.G.Graph [main] Начальная и конечная вершины одинаковые
2021-07-12 02:37:55,192 WARN c.p.G.Graph [main] Вершина с таким именем уже существует
2021-07-12 02:37:55,194 FATAL c.p.G.Graph [main] Нельзя добавить ребро с пустой вершиной или весом <= 0
2021-07-12 02:37:55,197 FATAL c.p.G.Graph [main] Нельзя удалить ребро с пустой вершиной
2021-07-12 02:37:55,198 FATAL c.p.G.Graph [main] Нельзя найти пустую вершину
2021-07-12 02:37:55,200 WARN c.p.G.Graph [main] Данной вершины нет в графе
2021-07-12 02:37:55,200 WARN c.p.G.Graph [main] Такое ребро уже существует
2021-07-12 02:37:55,202 FATAL c.p.G.Graph [main] Нельзя добавить пустую вершину
2021-07-12 02:40:48,942 FATAL c.p.G.Graph [main] Нельзя удалить пустую вершину
2021-07-12 02:40:48,947 FATAL c.p.G.Graph [main] Нельзя добавить ребро с пустой вершиной или весом <= 0
2021-07-12 02:40:48,948 WARN c.p.G.Graph [main] Начальная и конечная вершины одинаковые
2021-07-12 02:40:48,951 WARN c.p.G.Graph [main] Вершина с таким именем уже существует
2021-07-12 02:40:48,953 FATAL c.p.G.Graph [main] Нельзя добавить ребро с пустой вершиной или весом <= 0
2021-07-12 02:40:48,956 FATAL c.p.G.Graph [main] Нельзя удалить ребро с пустой вершиной
2021-07-12 02:40:48,957 FATAL c.p.G.Graph [main] Нельзя найти пустую вершину
2021-07-12 02:40:48,959 WARN c.p.G.Graph [main] Данной вершины нет в графе
2021-07-12 02:40:48,959 WARN c.p.G.Graph [main] Такое ребро уже существует
2021-07-12 02:40:48,960 FATAL c.p.G.Graph [main] Нельзя добавить пустую вершину
2021-07-12 03:03:09,003 FATAL c.p.G.Graph [main] Нельзя удалить пустую вершину
2021-07-12 03:03:09,008 FATAL c.p.G.Graph [main] Нельзя добавить ребро с пустой вершиной или весом <= 0
2021-07-12 03:03:09,008 WARN c.p.G.Graph [main] Начальная и конечная вершины одинаковые
2021-07-12 03:03:09,010 WARN c.p.G.Graph [main] Вершина с таким именем уже существует
2021-07-12 03:03:09,012 FATAL c.p.G.Graph [main] Нельзя добавить ребро с пустой вершиной или весом <= 0
2021-07-12 03:03:09,015 FATAL c.p.G.Graph [main] Нельзя удалить ребро с пустой вершиной
2021-07-12 03:03:09,015 FATAL c.p.G.Graph [main] Нельзя найти пустую вершину
2021-07-12 03:03:09,016 WARN c.p.G.Graph [main] Данной вершины нет в графе
2021-07-12 03:03:09,017 WARN c.p.G.Graph [main] Такое ребро уже существует
2021-07-12 03:03:09,018 FATAL c.p.G.Graph [main] Нельзя добавить пустую вершину
2021-07-12 03:05:12,400 FATAL c.p.G.Graph [main] Нельзя удалить пустую вершину
2021-07-12 03:05:12,406 FATAL c.p.G.Graph [main] Нельзя добавить ребро с пустой вершиной или весом <= 0
2021-07-12 03:05:12,407 WARN c.p.G.Graph [main] Начальная и конечная вершины одинаковые
2021-07-12 03:05:12,410 WARN c.p.G.Graph [main] Вершина с таким именем уже существует
2021-07-12 03:05:12,411 FATAL c.p.G.Graph [main] Нельзя добавить ребро с пустой вершиной или весом <= 0
2021-07-12 03:05:12,415 FATAL c.p.G.Graph [main] Нельзя удалить ребро с пустой вершиной
2021-07-12 03:05:12,415 FATAL c.p.G.Graph [main] Нельзя найти пустую вершину
2021-07-12 03:05:12,417 WARN c.p.G.Graph [main] Данной вершины нет в графе
2021-07-12 03:05:12,417 WARN c.p.G.Graph [main] Такое ребро уже существует
2021-07-12 03:05:12,418 FATAL c.p.G.Graph [main] Нельзя добавить пустую вершину
2021-07-12 03:06:42,115 FATAL c.p.G.Graph [main] Нельзя удалить пустую вершину
2021-07-12 03:06:42,120 FATAL c.p.G.Graph [main] Нельзя добавить ребро с пустой вершиной или весом <= 0
2021-07-12 03:06:42,121 WARN c.p.G.Graph [main] Начальная и конечная вершины одинаковые
2021-07-12 03:06:42,124 WARN c.p.G.Graph [main] Вершина с таким именем уже существует
2021-07-12 03:06:42,127 FATAL c.p.G.Graph [main] Нельзя добавить ребро с пустой вершиной или весом <= 0
2021-07-12 03:06:42,130 FATAL c.p.G.Graph [main] Нельзя удалить ребро с пустой вершиной
2021-07-12 03:06:42,131 FATAL c.p.G.Graph [main] Нельзя найти пустую вершину
2021-07-12 03:06:42,133 WARN c.p.G.Graph [main] Данной вершины нет в графе
2021-07-12 03:06:42,134 WARN c.p.G.Graph [main] Такое ребро уже существует
2021-07-12 03:06:42,135 FATAL c.p.G.Graph [main] Нельзя добавить пустую вершину
2021-07-12 03:15:10,882 FATAL c.p.G.Graph [main] Нельзя удалить пустую вершину
2021-07-12 03:15:10,887 FATAL c.p.G.Graph [main] Нельзя добавить ребро с пустой вершиной или весом <= 0
2021-07-12 03:15:10,888 WARN c.p.G.Graph [main] Начальная и конечная вершины одинаковые
2021-07-12 03:15:10,890 WARN c.p.G.Graph [main] Вершина с таким именем уже существует
2021-07-12 03:15:10,892 FATAL c.p.G.Graph [main] Нельзя добавить ребро с пустой вершиной или весом <= 0
2021-07-12 03:15:10,895 FATAL c.p.G.Graph [main] Нельзя удалить ребро с пустой вершиной
2021-07-12 03:15:10,896 FATAL c.p.G.Graph [main] Нельзя найти пустую вершину
2021-07-12 03:15:10,899 WARN c.p.G.Graph [main] Данной вершины нет в графе
2021-07-12 03:15:10,899 WARN c.p.G.Graph [main] Такое ребро уже существует
2021-07-12 03:15:10,901 FATAL c.p.G.Graph [main] Нельзя добавить пустую вершину
2021-07-12 03:18:16,620 FATAL c.p.G.Graph [main] Нельзя удалить пустую вершину
2021-07-12 03:18:16,625 FATAL c.p.G.Graph [main] Нельзя добавить ребро с пустой вершиной или весом <= 0
2021-07-12 03:18:16,626 WARN c.p.G.Graph [main] Начальная и конечная вершины одинаковые
2021-07-12 03:18:16,628 WARN c.p.G.Graph [main] Вершина с таким именем уже существует
2021-07-12 03:18:16,630 FATAL c.p.G.Graph [main] Нельзя добавить ребро с пустой вершиной или весом <= 0
2021-07-12 03:18:16,633 FATAL c.p.G.Graph [main] Нельзя удалить ребро с пустой вершиной
2021-07-12 03:18:16,634 FATAL c.p.G.Graph [main] Нельзя найти пустую вершину
2021-07-12 03:18:16,635 WARN c.p.G.Graph [main] Данной вершины нет в графе
2021-07-12 03:18:16,636 WARN c.p.G.Graph [main] Такое ребро уже существует
2021-07-12 03:18:16,637 FATAL c.p.G.Graph [main] Нельзя добавить пустую вершину
2021-07-12 03:20:52,998 FATAL c.p.G.Graph [main] Нельзя удалить пустую вершину
2021-07-12 03:20:53,004 FATAL c.p.G.Graph [main] Нельзя добавить ребро с пустой вершиной или весом <= 0
2021-07-12 03:20:53,005 WARN c.p.G.Graph [main] Начальная и конечная вершины одинаковые
2021-07-12 03:20:53,010 WARN c.p.G.Graph [main] Вершина с таким именем уже существует
2021-07-12 03:20:53,013 FATAL c.p.G.Graph [main] Нельзя добавить ребро с пустой вершиной или весом <= 0
2021-07-12 03:20:53,020 FATAL c.p.G.Graph [main] Нельзя удалить ребро с пустой вершиной
2021-07-12 03:20:53,021 FATAL c.p.G.Graph [main] Нельзя найти пустую вершину
2021-07-12 03:20:53,022 WARN c.p.G.Graph [main] Данной вершины нет в графе
2021-07-12 03:20:53,023 WARN c.p.G.Graph [main] Такое ребро уже существует
2021-07-12 03:20:53,024 FATAL c.p.G.Graph [main] Нельзя добавить пустую вершину
2021-07-12 03:28:38,755 FATAL c.p.G.Graph [main] Нельзя удалить пустую вершину
2021-07-12 03:28:38,761 FATAL c.p.G.Graph [main] Нельзя добавить ребро с пустой вершиной или весом <= 0
2021-07-12 03:28:38,762 WARN c.p.G.Graph [main] Начальная и конечная вершины одинаковые
2021-07-12 03:28:38,764 WARN c.p.G.Graph [main] Вершина с таким именем уже существует
2021-07-12 03:28:38,766 FATAL c.p.G.Graph [main] Нельзя добавить ребро с пустой вершиной или весом <= 0
2021-07-12 03:28:38,770 FATAL c.p.G.Graph [main] Нельзя удалить ребро с пустой вершиной
2021-07-12 03:28:38,770 FATAL c.p.G.Graph [main] Нельзя найти пустую вершину
2021-07-12 03:28:38,772 WARN c.p.G.Graph [main] Данной вершины нет в графе
2021-07-12 03:28:38,773 WARN c.p.G.Graph [main] Такое ребро уже существует
2021-07-12 03:28:38,774 FATAL c.p.G.Graph [main] Нельзя добавить пустую вершину
2021-07-12 03:31:18,806 FATAL c.p.G.Graph [main] Нельзя удалить пустую вершину
2021-07-12 03:31:18,811 FATAL c.p.G.Graph [main] Нельзя добавить ребро с пустой вершиной или весом <= 0
2021-07-12 03:31:18,812 WARN c.p.G.Graph [main] Начальная и конечная вершины одинаковые
2021-07-12 03:31:18,814 WARN c.p.G.Graph [main] Вершина с таким именем уже существует
2021-07-12 03:31:18,816 FATAL c.p.G.Graph [main] Нельзя добавить ребро с пустой вершиной или весом <= 0
2021-07-12 03:31:18,818 FATAL c.p.G.Graph [main] Нельзя удалить ребро с пустой вершиной
2021-07-12 03:31:18,819 FATAL c.p.G.Graph [main] Нельзя найти пустую вершину
2021-07-12 03:31:18,820 WARN c.p.G.Graph [main] Данной вершины нет в графе
2021-07-12 03:31:18,821 WARN c.p.G.Graph [main] Такое ребро уже существует
2021-07-12 03:31:18,822 FATAL c.p.G.Graph [main] Нельзя добавить пустую вершину
2021-07-12 03:38:22,935 FATAL c.p.G.Graph [main] Нельзя удалить пустую вершину
2021-07-12 03:38:22,940 FATAL c.p.G.Graph [main] Нельзя добавить ребро с пустой вершиной или весом <= 0
2021-07-12 03:38:22,941 WARN c.p.G.Graph [main] Начальная и конечная вершины одинаковые
2021-07-12 03:38:22,944 WARN c.p.G.Graph [main] Вершина с таким именем уже существует
2021-07-12 03:38:22,946 FATAL c.p.G.Graph [main] Нельзя добавить ребро с пустой вершиной или весом <= 0
2021-07-12 03:38:22,950 FATAL c.p.G.Graph [main] Нельзя удалить ребро с пустой вершиной
2021-07-12 03:38:22,951 FATAL c.p.G.Graph [main] Нельзя найти пустую вершину
2021-07-12 03:38:22,952 WARN c.p.G.Graph [main] Данной вершины нет в графе
2021-07-12 03:38:22,953 WARN c.p.G.Graph [main] Такое ребро уже существует
2021-07-12 03:38:22,954 FATAL c.p.G.Graph [main] Нельзя добавить пустую вершину
2021-07-12 03:47:28,061 FATAL c.p.G.Graph [main] Нельзя удалить пустую вершину
2021-07-12 03:47:28,069 FATAL c.p.G.Graph [main] Нельзя добавить ребро с пустой вершиной или весом <= 0
2021-07-12 03:47:28,070 WARN c.p.G.Graph [main] Начальная и конечная вершины одинаковые
2021-07-12 03:47:28,073 WARN c.p.G.Graph [main] Вершина с таким именем уже существует
2021-07-12 03:47:28,075 FATAL c.p.G.Graph [main] Нельзя добавить ребро с пустой вершиной или весом <= 0
2021-07-12 03:47:28,079 FATAL c.p.G.Graph [main] Нельзя удалить ребро с пустой вершиной
2021-07-12 03:47:28,080 FATAL c.p.G.Graph [main] Нельзя найти пустую вершину
2021-07-12 03:47:28,082 WARN c.p.G.Graph [main] Данной вершины нет в графе
2021-07-12 03:47:28,083 WARN c.p.G.Graph [main] Такое ребро уже существует
2021-07-12 03:47:28,084 FATAL c.p.G.Graph [main] Нельзя добавить пустую вершину
2021-07-12 03:52:29,792 FATAL c.p.G.Graph [main] Нельзя удалить пустую вершину
2021-07-12 03:52:29,797 FATAL c.p.G.Graph [main] Нельзя добавить ребро с пустой вершиной или весом <= 0
2021-07-12 03:52:29,797 WARN c.p.G.Graph [main] Начальная и конечная вершины одинаковые
2021-07-12 03:52:29,799 WARN c.p.G.Graph [main] Вершина с таким именем уже существует
2021-07-12 03:52:29,801 FATAL c.p.G.Graph [main] Нельзя добавить ребро с пустой вершиной или весом <= 0
2021-07-12 03:52:29,803 FATAL c.p.G.Graph [main] Нельзя удалить ребро с пустой вершиной
2021-07-12 03:52:29,804 FATAL c.p.G.Graph [main] Нельзя найти пустую вершину
2021-07-12 03:52:29,805 WARN c.p.G.Graph [main] Данной вершины нет в графе
2021-07-12 03:52:29,806 WARN c.p.G.Graph [main] Такое ребро уже существует
2021-07-12 03:52:29,806 FATAL c.p.G.Graph [main] Нельзя добавить пустую вершину
2021-07-12 03:53:46,764 FATAL c.p.G.Graph [main] Нельзя удалить пустую вершину
2021-07-12 03:53:46,770 FATAL c.p.G.Graph [main] Нельзя добавить ребро с пустой вершиной или весом <= 0
2021-07-12 03:53:46,771 WARN c.p.G.Graph [main] Начальная и конечная вершины одинаковые
2021-07-12 03:53:46,773 WARN c.p.G.Graph [main] Вершина с таким именем уже существует
2021-07-12 03:53:46,775 FATAL c.p.G.Graph [main] Нельзя добавить ребро с пустой вершиной или весом <= 0
2021-07-12 03:53:46,778 FATAL c.p.G.Graph [main] Нельзя удалить ребро с пустой вершиной
2021-07-12 03:53:46,779 FATAL c.p.G.Graph [main] Нельзя найти пустую вершину
2021-07-12 03:53:46,781 WARN c.p.G.Graph [main] Данной вершины нет в графе
2021-07-12 03:53:46,781 WARN c.p.G.Graph [main] Такое ребро уже существует
2021-07-12 03:53:46,782 FATAL c.p.G.Graph [main] Нельзя добавить пустую вершину
2021-07-12 03:54:43,000 FATAL c.p.G.Graph [main] Нельзя удалить пустую вершину
2021-07-12 03:54:43,005 FATAL c.p.G.Graph [main] Нельзя добавить ребро с пустой вершиной или весом <= 0
2021-07-12 03:54:43,006 WARN c.p.G.Graph [main] Начальная и конечная вершины одинаковые
2021-07-12 03:54:43,008 WARN c.p.G.Graph [main] Вершина с таким именем уже существует
2021-07-12 03:54:43,010 FATAL c.p.G.Graph [main] Нельзя добавить ребро с пустой вершиной или весом <= 0
2021-07-12 03:54:43,013 FATAL c.p.G.Graph [main] Нельзя удалить ребро с пустой вершиной
2021-07-12 03:54:43,013 FATAL c.p.G.Graph [main] Нельзя найти пустую вершину
2021-07-12 03:54:43,015 WARN c.p.G.Graph [main] Данной вершины нет в графе
2021-07-12 03:54:43,015 WARN c.p.G.Graph [main] Такое ребро уже существует
2021-07-12 03:54:43,016 FATAL c.p.G.Graph [main] Нельзя добавить пустую вершину
2021-07-12 03:57:59,367 FATAL c.p.G.Graph [main] Нельзя удалить пустую вершину
2021-07-12 03:57:59,371 FATAL c.p.G.Graph [main] Нельзя добавить ребро с пустой вершиной или весом <= 0
2021-07-12 03:57:59,372 WARN c.p.G.Graph [main] Начальная и конечная вершины одинаковые
2021-07-12 03:57:59,374 WARN c.p.G.Graph [main] Вершина с таким именем уже существует
2021-07-12 03:57:59,376 FATAL c.p.G.Graph [main] Нельзя добавить ребро с пустой вершиной или весом <= 0
2021-07-12 03:57:59,378 FATAL c.p.G.Graph [main] Нельзя удалить ребро с пустой вершиной
2021-07-12 03:57:59,379 FATAL c.p.G.Graph [main] Нельзя найти пустую вершину
2021-07-12 03:57:59,380 WARN c.p.G.Graph [main] Данной вершины нет в графе
2021-07-12 03:57:59,381 WARN c.p.G.Graph [main] Такое ребро уже существует
2021-07-12 03:57:59,382 FATAL c.p.G.Graph [main] Нельзя добавить пустую вершину
2021-07-12 03:59:45,565 FATAL c.p.G.Graph [main] Нельзя удалить пустую вершину
2021-07-12 03:59:45,569 FATAL c.p.G.Graph [main] Нельзя добавить ребро с пустой вершиной или весом <= 0
2021-07-12 03:59:45,570 WARN c.p.G.Graph [main] Начальная и конечная вершины одинаковые
2021-07-12 03:59:45,573 WARN c.p.G.Graph [main] Вершина с таким именем уже существует
2021-07-12 03:59:45,575 FATAL c.p.G.Graph [main] Нельзя добавить ребро с пустой вершиной или весом <= 0
2021-07-12 03:59:45,578 FATAL c.p.G.Graph [main] Нельзя удалить ребро с пустой вершиной
2021-07-12 03:59:45,579 FATAL c.p.G.Graph [main] Нельзя найти пустую вершину
2021-07-12 03:59:45,580 WARN c.p.G.Graph [main] Данной вершины нет в графе
2021-07-12 03:59:45,581 WARN c.p.G.Graph [main] Такое ребро уже существует
2021-07-12 03:59:45,582 FATAL c.p.G.Graph [main] Нельзя добавить пустую вершину
2021-07-12 04:02:24,731 FATAL c.p.G.Graph [main] Нельзя удалить пустую вершину
2021-07-12 04:02:24,736 FATAL c.p.G.Graph [main] Нельзя добавить ребро с пустой вершиной или весом <= 0
2021-07-12 04:02:24,737 WARN c.p.G.Graph [main] Начальная и конечная вершины одинаковые
2021-07-12 04:02:24,739 WARN c.p.G.Graph [main] Вершина с таким именем уже существует
2021-07-12 04:02:24,741 FATAL c.p.G.Graph [main] Нельзя добавить ребро с пустой вершиной или весом <= 0
2021-07-12 04:02:24,744 FATAL c.p.G.Graph [main] Нельзя удалить ребро с пустой вершиной
2021-07-12 04:02:24,745 FATAL c.p.G.Graph [main] Нельзя найти пустую вершину
2021-07-12 04:02:24,747 WARN c.p.G.Graph [main] Данной вершины нет в графе
2021-07-12 04:02:24,748 WARN c.p.G.Graph [main] Такое ребро уже существует
2021-07-12 04:02:24,749 FATAL c.p.G.Graph [main] Нельзя добавить пустую вершину
2021-07-12 04:07:45,702 FATAL c.p.G.Graph [main] Нельзя удалить пустую вершину
2021-07-12 04:07:45,708 FATAL c.p.G.Graph [main] Нельзя добавить ребро с пустой вершиной или весом <= 0
2021-07-12 04:07:45,708 WARN c.p.G.Graph [main] Начальная и конечная вершины одинаковые
2021-07-12 04:07:45,711 WARN c.p.G.Graph [main] Вершина с таким именем уже существует
2021-07-12 04:07:45,713 FATAL c.p.G.Graph [main] Нельзя добавить ребро с пустой вершиной или весом <= 0
2021-07-12 04:07:45,717 FATAL c.p.G.Graph [main] Нельзя удалить ребро с пустой вершиной
2021-07-12 04:07:45,718 FATAL c.p.G.Graph [main] Нельзя найти пустую вершину
2021-07-12 04:07:45,719 WARN c.p.G.Graph [main] Данной вершины нет в графе
2021-07-12 04:07:45,720 WARN c.p.G.Graph [main] Такое ребро уже существует
2021-07-12 04:07:45,721 FATAL c.p.G.Graph [main] Нельзя добавить пустую вершину
2021-07-12 04:10:12,529 FATAL c.p.G.Graph [main] Нельзя удалить пустую вершину
2021-07-12 04:10:12,534 FATAL c.p.G.Graph [main] Нельзя добавить ребро с пустой вершиной или весом <= 0
2021-07-12 04:10:12,534 WARN c.p.G.Graph [main] Начальная и конечная вершины одинаковые
2021-07-12 04:10:12,537 WARN c.p.G.Graph [main] Вершина с таким именем уже существует
2021-07-12 04:10:12,538 FATAL c.p.G.Graph [main] Нельзя добавить ребро с пустой вершиной или весом <= 0
2021-07-12 04:10:12,541 FATAL c.p.G.Graph [main] Нельзя удалить ребро с пустой вершиной
2021-07-12 04:10:12,542 FATAL c.p.G.Graph [main] Нельзя найти пустую вершину
2021-07-12 04:10:12,544 WARN c.p.G.Graph [main] Данной вершины нет в графе
2021-07-12 04:10:12,544 WARN c.p.G.Graph [main] Такое ребро уже существует
2021-07-12 04:10:12,545 FATAL c.p.G.Graph [main] Нельзя добавить пустую вершину
2021-07-12 04:13:14,014 FATAL c.p.G.Graph [main] Нельзя удалить пустую вершину
2021-07-12 04:13:14,019 FATAL c.p.G.Graph [main] Нельзя добавить ребро с пустой вершиной или весом <= 0
2021-07-12 04:13:14,020 WARN c.p.G.Graph [main] Начальная и конечная вершины одинаковые
2021-07-12 04:13:14,022 WARN c.p.G.Graph [main] Вершина с таким именем уже существует
2021-07-12 04:13:14,023 FATAL c.p.G.Graph [main] Нельзя добавить ребро с пустой вершиной или весом <= 0
2021-07-12 04:13:14,026 FATAL c.p.G.Graph [main] Нельзя удалить ребро с пустой вершиной
2021-07-12 04:13:14,027 FATAL c.p.G.Graph [main] Нельзя найти пустую вершину
2021-07-12 04:13:14,028 WARN c.p.G.Graph [main] Данной вершины нет в графе
2021-07-12 04:13:14,029 WARN c.p.G.Graph [main] Такое ребро уже существует
2021-07-12 04:13:14,030 FATAL c.p.G.Graph [main] Нельзя добавить пустую вершину
2021-07-12 04:15:28,171 FATAL c.p.G.Graph [main] Нельзя удалить пустую вершину
2021-07-12 04:15:28,176 FATAL c.p.G.Graph [main] Нельзя добавить ребро с пустой вершиной или весом <= 0
2021-07-12 04:15:28,177 WARN c.p.G.Graph [main] Начальная и конечная вершины одинаковые
2021-07-12 04:15:28,179 WARN c.p.G.Graph [main] Вершина с таким именем уже существует
2021-07-12 04:15:28,181 FATAL c.p.G.Graph [main] Нельзя добавить ребро с пустой вершиной или весом <= 0
2021-07-12 04:15:28,184 FATAL c.p.G.Graph [main] Нельзя удалить ребро с пустой вершиной
2021-07-12 04:15:28,185 FATAL c.p.G.Graph [main] Нельзя найти пустую вершину
2021-07-12 04:15:28,186 WARN c.p.G.Graph [main] Данной вершины нет в графе
2021-07-12 04:15:28,187 WARN c.p.G.Graph [main] Такое ребро уже существует
2021-07-12 04:15:28,188 FATAL c.p.G.Graph [main] Нельзя добавить пустую вершину
2021-07-12 04:17:23,302 FATAL c.p.G.Graph [main] Нельзя удалить пустую вершину
2021-07-12 04:17:23,307 FATAL c.p.G.Graph [main] Нельзя добавить ребро с пустой вершиной или весом <= 0
2021-07-12 04:17:23,308 WARN c.p.G.Graph [main] Начальная и конечная вершины одинаковые
2021-07-12 04:17:23,310 WARN c.p.G.Graph [main] Вершина с таким именем уже существует
2021-07-12 04:17:23,312 FATAL c.p.G.Graph [main] Нельзя добавить ребро с пустой вершиной или весом <= 0
2021-07-12 04:17:23,316 FATAL c.p.G.Graph [main] Нельзя удалить ребро с пустой вершиной
2021-07-12 04:17:23,317 FATAL c.p.G.Graph [main] Нельзя найти пустую вершину
2021-07-12 04:17:23,319 WARN c.p.G.Graph [main] Данной вершины нет в графе
2021-07-12 04:17:23,320 WARN c.p.G.Graph [main] Такое ребро уже существует
2021-07-12 04:17:23,321 FATAL c.p.G.Graph [main] Нельзя добавить пустую вершину
2021-07-12 04:23:17,285 FATAL c.p.G.Graph [main] Нельзя удалить пустую вершину
2021-07-12 04:23:17,289 FATAL c.p.G.Graph [main] Нельзя добавить ребро с пустой вершиной или весом <= 0
2021-07-12 04:23:17,290 WARN c.p.G.Graph [main] Начальная и конечная вершины одинаковые
2021-07-12 04:23:17,292 WARN c.p.G.Graph [main] Вершина с таким именем уже существует
2021-07-12 04:23:17,293 FATAL c.p.G.Graph [main] Нельзя добавить ребро с пустой вершиной или весом <= 0
2021-07-12 04:23:17,296 FATAL c.p.G.Graph [main] Нельзя удалить ребро с пустой вершиной
2021-07-12 04:23:17,297 FATAL c.p.G.Graph [main] Нельзя найти пустую вершину
2021-07-12 04:23:17,298 WARN c.p.G.Graph [main] Данной вершины нет в графе
2021-07-12 04:23:17,299 WARN c.p.G.Graph [main] Такое ребро уже существует
2021-07-12 04:23:17,300 FATAL c.p.G.Graph [main] Нельзя добавить пустую вершину
2021-07-12 04:25:30,500 FATAL c.p.G.Graph [main] Нельзя удалить пустую вершину
2021-07-12 04:25:30,505 FATAL c.p.G.Graph [main] Нельзя добавить ребро с пустой вершиной или весом <= 0
2021-07-12 04:25:30,506 WARN c.p.G.Graph [main] Начальная и конечная вершины одинаковые
2021-07-12 04:25:30,507 WARN c.p.G.Graph [main] Вершина с таким именем уже существует
2021-07-12 04:25:30,509 FATAL c.p.G.Graph [main] Нельзя добавить ребро с пустой вершиной или весом <= 0
2021-07-12 04:25:30,512 FATAL c.p.G.Graph [main] Нельзя удалить ребро с пустой вершиной
2021-07-12 04:25:30,512 FATAL c.p.G.Graph [main] Нельзя найти пустую вершину
2021-07-12 04:25:30,513 WARN c.p.G.Graph [main] Данной вершины нет в графе
2021-07-12 04:25:30,514 WARN c.p.G.Graph [main] Такое ребро уже существует
2021-07-12 04:25:30,514 FATAL c.p.G.Graph [main] Нельзя добавить пустую вершину
2021-07-12 04:31:46,170 FATAL c.p.G.Graph [main] Нельзя удалить пустую вершину
2021-07-12 04:31:46,175 FATAL c.p.G.Graph [main] Нельзя добавить ребро с пустой вершиной или весом <= 0
2021-07-12 04:31:46,176 WARN c.p.G.Graph [main] Начальная и конечная вершины одинаковые
2021-07-12 04:31:46,178 WARN c.p.G.Graph [main] Вершина с таким именем уже существует
2021-07-12 04:31:46,180 FATAL c.p.G.Graph [main] Нельзя добавить ребро с пустой вершиной или весом <= 0
2021-07-12 04:31:46,183 FATAL c.p.G.Graph [main] Нельзя удалить ребро с пустой вершиной
2021-07-12 04:31:46,184 FATAL c.p.G.Graph [main] Нельзя найти пустую вершину
2021-07-12 04:31:46,185 WARN c.p.G.Graph [main] Данной вершины нет в графе
2021-07-12 04:31:46,186 WARN c.p.G.Graph [main] Такое ребро уже существует
2021-07-12 04:31:46,187 FATAL c.p.G.Graph [main] Нельзя добавить пустую вершину
2021-07-12 04:33:32,942 FATAL c.p.G.Graph [main] Нельзя удалить пустую вершину
2021-07-12 04:33:32,947 FATAL c.p.G.Graph [main] Нельзя добавить ребро с пустой вершиной или весом <= 0
2021-07-12 04:33:32,948 WARN c.p.G.Graph [main] Начальная и конечная вершины одинаковые
2021-07-12 04:33:32,950 WARN c.p.G.Graph [main] Вершина с таким именем уже существует
2021-07-12 04:33:32,951 FATAL c.p.G.Graph [main] Нельзя добавить ребро с пустой вершиной или весом <= 0
2021-07-12 04:33:32,954 FATAL c.p.G.Graph [main] Нельзя удалить ребро с пустой вершиной
2021-07-12 04:33:32,954 FATAL c.p.G.Graph [main] Нельзя найти пустую вершину
2021-07-12 04:33:32,955 WARN c.p.G.Graph [main] Данной вершины нет в графе
2021-07-12 04:33:32,956 WARN c.p.G.Graph [main] Такое ребро уже существует
2021-07-12 04:33:32,957 FATAL c.p.G.Graph [main] Нельзя добавить пустую вершину
2021-07-12 04:35:51,572 FATAL c.p.G.Graph [main] Нельзя удалить пустую вершину
2021-07-12 04:35:51,578 FATAL c.p.G.Graph [main] Нельзя добавить ребро с пустой вершиной или весом <= 0
2021-07-12 04:35:51,579 WARN c.p.G.Graph [main] Начальная и конечная вершины одинаковые
2021-07-12 04:35:51,581 WARN c.p.G.Graph [main] Вершина с таким именем уже существует
2021-07-12 04:35:51,582 FATAL c.p.G.Graph [main] Нельзя добавить ребро с пустой вершиной или весом <= 0
2021-07-12 04:35:51,584 FATAL c.p.G.Graph [main] Нельзя удалить ребро с пустой вершиной
2021-07-12 04:35:51,585 FATAL c.p.G.Graph [main] Нельзя найти пустую вершину
2021-07-12 04:35:51,586 WARN c.p.G.Graph [main] Данной вершины нет в графе
2021-07-12 04:35:51,586 WARN c.p.G.Graph [main] Такое ребро уже существует
2021-07-12 04:35:51,587 FATAL c.p.G.Graph [main] Нельзя добавить пустую вершину
2021-07-12 04:40:24,349 FATAL c.p.G.Graph [main] Нельзя удалить пустую вершину
2021-07-12 04:40:24,354 FATAL c.p.G.Graph [main] Нельзя добавить ребро с пустой вершиной или весом <= 0
2021-07-12 04:40:24,355 WARN c.p.G.Graph [main] Начальная и конечная вершины одинаковые
2021-07-12 04:40:24,357 WARN c.p.G.Graph [main] Вершина с таким именем уже существует
2021-07-12 04:40:24,359 FATAL c.p.G.Graph [main] Нельзя добавить ребро с пустой вершиной или весом <= 0
2021-07-12 04:40:24,362 FATAL c.p.G.Graph [main] Нельзя удалить ребро с пустой вершиной
2021-07-12 04:40:24,362 FATAL c.p.G.Graph [main] Нельзя найти пустую вершину
2021-07-12 04:40:24,363 WARN c.p.G.Graph [main] Данной вершины нет в графе
2021-07-12 04:40:24,364 WARN c.p.G.Graph [main] Такое ребро уже существует
2021-07-12 04:40:24,365 FATAL c.p.G.Graph [main] Нельзя добавить пустую вершину
2021-07-12 04:43:37,148 FATAL c.p.G.Graph [main] Нельзя удалить пустую вершину
2021-07-12 04:43:37,152 FATAL c.p.G.Graph [main] Нельзя добавить ребро с пустой вершиной или весом <= 0
2021-07-12 04:43:37,153 WARN c.p.G.Graph [main] Начальная и конечная вершины одинаковые
2021-07-12 04:43:37,155 WARN c.p.G.Graph [main] Вершина с таким именем уже существует
2021-07-12 04:43:37,156 FATAL c.p.G.Graph [main] Нельзя добавить ребро с пустой вершиной или весом <= 0
2021-07-12 04:43:37,159 FATAL c.p.G.Graph [main] Нельзя удалить ребро с пустой вершиной
2021-07-12 04:43:37,160 FATAL c.p.G.Graph [main] Нельзя найти пустую вершину
2021-07-12 04:43:37,161 WARN c.p.G.Graph [main] Данной вершины нет в графе
2021-07-12 04:43:37,162 WARN c.p.G.Graph [main] Такое ребро уже существует
2021-07-12 04:43:37,162 FATAL c.p.G.Graph [main] Нельзя добавить пустую вершину
2021-07-12 04:44:49,051 FATAL c.p.G.Graph [main] Нельзя удалить пустую вершину
2021-07-12 04:44:49,056 FATAL c.p.G.Graph [main] Нельзя добавить ребро с пустой вершиной или весом <= 0
2021-07-12 04:44:49,057 WARN c.p.G.Graph [main] Начальная и конечная вершины одинаковые
2021-07-12 04:44:49,059 WARN c.p.G.Graph [main] Вершина с таким именем уже существует
2021-07-12 04:44:49,061 FATAL c.p.G.Graph [main] Нельзя добавить ребро с пустой вершиной или весом <= 0
2021-07-12 04:44:49,065 FATAL c.p.G.Graph [main] Нельзя удалить ребро с пустой вершиной
2021-07-12 04:44:49,066 FATAL c.p.G.Graph [main] Нельзя найти пустую вершину
2021-07-12 04:44:49,068 WARN c.p.G.Graph [main] Данной вершины нет в графе
2021-07-12 04:44:49,069 WARN c.p.G.Graph [main] Такое ребро уже существует
2021-07-12 04:44:49,070 FATAL c.p.G.Graph [main] Нельзя добавить пустую вершину
2021-07-12 04:58:14,804 FATAL c.p.G.Graph [main] Нельзя удалить пустую вершину
2021-07-12 04:58:14,809 FATAL c.p.G.Graph [main] Нельзя добавить ребро с пустой вершиной или весом <= 0
2021-07-12 04:58:14,810 WARN c.p.G.Graph [main] Начальная и конечная вершины одинаковые
2021-07-12 04:58:14,813 WARN c.p.G.Graph [main] Вершина с таким именем уже существует
2021-07-12 04:58:14,815 FATAL c.p.G.Graph [main] Нельзя добавить ребро с пустой вершиной или весом <= 0
2021-07-12 04:58:14,818 FATAL c.p.G.Graph [main] Нельзя удалить ребро с пустой вершиной
2021-07-12 04:58:14,819 FATAL c.p.G.Graph [main] Нельзя найти пустую вершину
2021-07-12 04:58:14,821 WARN c.p.G.Graph [main] Данной вершины нет в графе
2021-07-12 04:58:14,821 WARN c.p.G.Graph [main] Такое ребро уже существует
2021-07-12 04:58:14,822 FATAL c.p.G.Graph [main] Нельзя добавить пустую вершину
2021-07-12 04:59:18,238 FATAL c.p.G.Graph [main] Нельзя удалить пустую вершину
2021-07-12 04:59:18,243 FATAL c.p.G.Graph [main] Нельзя добавить ребро с пустой вершиной или весом <= 0
2021-07-12 04:59:18,244 WARN c.p.G.Graph [main] Начальная и конечная вершины одинаковые
2021-07-12 04:59:18,246 WARN c.p.G.Graph [main] Вершина с таким именем уже существует
2021-07-12 04:59:18,248 FATAL c.p.G.Graph [main] Нельзя добавить ребро с пустой вершиной или весом <= 0
2021-07-12 04:59:18,251 FATAL c.p.G.Graph [main] Нельзя удалить ребро с пустой вершиной
2021-07-12 04:59:18,252 FATAL c.p.G.Graph [main] Нельзя найти пустую вершину
2021-07-12 04:59:18,253 WARN c.p.G.Graph [main] Данной вершины нет в графе
2021-07-12 04:59:18,254 WARN c.p.G.Graph [main] Такое ребро уже существует
2021-07-12 04:59:18,255 FATAL c.p.G.Graph [main] Нельзя добавить пустую вершину
2021-07-12 05:00:20,710 FATAL c.p.G.Graph [main] Нельзя удалить пустую вершину
2021-07-12 05:00:20,716 FATAL c.p.G.Graph [main] Нельзя добавить ребро с пустой вершиной или весом <= 0
2021-07-12 05:00:20,716 WARN c.p.G.Graph [main] Начальная и конечная вершины одинаковые
2021-07-12 05:00:20,718 WARN c.p.G.Graph [main] Вершина с таким именем уже существует
2021-07-12 05:00:20,720 FATAL c.p.G.Graph [main] Нельзя добавить ребро с пустой вершиной или весом <= 0
2021-07-12 05:00:20,723 FATAL c.p.G.Graph [main] Нельзя удалить ребро с пустой вершиной
2021-07-12 05:00:20,723 FATAL c.p.G.Graph [main] Нельзя найти пустую вершину
2021-07-12 05:00:20,724 WARN c.p.G.Graph [main] Данной вершины нет в графе
2021-07-12 05:00:20,725 WARN c.p.G.Graph [main] Такое ребро уже существует
2021-07-12 05:00:20,726 FATAL c.p.G.Graph [main] Нельзя добавить пустую вершину
2021-07-12 05:02:40,096 FATAL c.p.G.Graph [main] Нельзя удалить пустую вершину
2021-07-12 05:02:40,102 FATAL c.p.G.Graph [main] Нельзя добавить ребро с пустой вершиной или весом <= 0
2021-07-12 05:02:40,103 WARN c.p.G.Graph [main] Начальная и конечная вершины одинаковые
2021-07-12 05:02:40,105 WARN c.p.G.Graph [main] Вершина с таким именем уже существует
2021-07-12 05:02:40,107 FATAL c.p.G.Graph [main] Нельзя добавить ребро с пустой вершиной или весом <= 0
2021-07-12 05:02:40,110 FATAL c.p.G.Graph [main] Нельзя удалить ребро с пустой вершиной
2021-07-12 05:02:40,110 FATAL c.p.G.Graph [main] Нельзя найти пустую вершину
2021-07-12 05:02:40,112 WARN c.p.G.Graph [main] Данной вершины нет в графе
2021-07-12 05:02:40,112 WARN c.p.G.Graph [main] Такое ребро уже существует
2021-07-12 05:02:40,113 FATAL c.p.G.Graph [main] Нельзя добавить пустую вершину
2021-07-12 05:02:46,091 FATAL c.p.G.Graph [main] Нельзя удалить пустую вершину
2021-07-12 05:02:46,097 FATAL c.p.G.Graph [main] Нельзя добавить ребро с пустой вершиной или весом <= 0
2021-07-12 05:02:46,098 WARN c.p.G.Graph [main] Начальная и конечная вершины одинаковые
2021-07-12 05:02:46,101 WARN c.p.G.Graph [main] Вершина с таким именем уже существует
2021-07-12 05:02:46,103 FATAL c.p.G.Graph [main] Нельзя добавить ребро с пустой вершиной или весом <= 0
2021-07-12 05:02:46,106 FATAL c.p.G.Graph [main] Нельзя удалить ребро с пустой вершиной
2021-07-12 05:02:46,106 FATAL c.p.G.Graph [main] Нельзя найти пустую вершину
2021-07-12 05:02:46,107 WARN c.p.G.Graph [main] Данной вершины нет в графе
2021-07-12 05:02:46,108 WARN c.p.G.Graph [main] Такое ребро уже существует
2021-07-12 05:02:46,109 FATAL c.p.G.Graph [main] Нельзя добавить пустую вершину
2021-07-12 05:02:58,679 FATAL c.p.G.Graph [main] Нельзя удалить пустую вершину
2021-07-12 05:02:58,684 FATAL c.p.G.Graph [main] Нельзя добавить ребро с пустой вершиной или весом <= 0
2021-07-12 05:02:58,684 WARN c.p.G.Graph [main] Начальная и конечная вершины одинаковые
2021-07-12 05:02:58,687 WARN c.p.G.Graph [main] Вершина с таким именем уже существует
2021-07-12 05:02:58,688 FATAL c.p.G.Graph [main] Нельзя добавить ребро с пустой вершиной или весом <= 0
2021-07-12 05:02:58,691 FATAL c.p.G.Graph [main] Нельзя удалить ребро с пустой вершиной
2021-07-12 05:02:58,691 FATAL c.p.G.Graph [main] Нельзя найти пустую вершину
2021-07-12 05:02:58,693 WARN c.p.G.Graph [main] Данной вершины нет в графе
2021-07-12 05:02:58,693 WARN c.p.G.Graph [main] Такое ребро уже существует
2021-07-12 05:02:58,694 FATAL c.p.G.Graph [main] Нельзя добавить пустую вершину
2021-07-12 05:05:18,455 FATAL c.p.G.Graph [main] Нельзя удалить пустую вершину
2021-07-12 05:05:18,461 FATAL c.p.G.Graph [main] Нельзя добавить ребро с пустой вершиной или весом <= 0
2021-07-12 05:05:18,462 WARN c.p.G.Graph [main] Начальная и конечная вершины одинаковые
2021-07-12 05:05:18,464 WARN c.p.G.Graph [main] Вершина с таким именем уже существует
2021-07-12 05:05:18,467 FATAL c.p.G.Graph [main] Нельзя добавить ребро с пустой вершиной или весом <= 0
2021-07-12 05:05:18,470 FATAL c.p.G.Graph [main] Нельзя удалить ребро с пустой вершиной
2021-07-12 05:05:18,471 FATAL c.p.G.Graph [main] Нельзя найти пустую вершину
2021-07-12 05:05:18,472 WARN c.p.G.Graph [main] Данной вершины нет в графе
2021-07-12 05:05:18,473 WARN c.p.G.Graph [main] Такое ребро уже существует
2021-07-12 05:05:18,474 FATAL c.p.G.Graph [main] Нельзя добавить пустую вершину
